<?xml version="1.0" encoding="UTF-8"?>
<!-- Generated by org.testng.reporters.JUnitReportReporter -->
<testsuite hostname="MWDH-Work2" failures="0" tests="1" name="ass1W9D5.ChromWhebDriverAss1W9D5" time="5.317" errors="0" timestamp="2022-08-05T17:26:24 AST" skipped="0">
  <testcase classname="ass1W9D5.ChromWhebDriverAss1W9D5" name="LearnEnglishWebSite" time="5.317"/>
  <system-out/>
</testsuite> <!-- ass1W9D5.ChromWhebDriverAss1W9D5 -->
